[Architectury Transformer] Architectury Runtime 5.2.87
[Architectury Transformer DEBUG] Closed File Systems for D:\Programming\Mods-2\MoFoes\common\build\devlibs\MoFoes-common-1.0.0-dev.jar
[Architectury Transformer DEBUG] Preparing tiny remapper prepared transformer: dev.architectury.transformer.handler.TinyRemapperPreparedTransformerHandler
[Architectury Transformer DEBUG] Provided 111 classpath jar(s):
[Architectury Transformer DEBUG]  - C:\Users\sreek\.gradle\caches\modules-2\files-2.1\dev.architectury\architectury-injectables\1.0.10\62db2a366d662606d1b23ad02ccc3212ed37ec3\architectury-injectables-1.0.10.jar
[Architectury Transformer DEBUG]  - C:\Users\sreek\.gradle\caches\modules-2\files-2.1\net.fabricmc\fabric-loader\0.16.5\fc45b2f400c08c023cdbe75c9b0aebe7a2b61579\fabric-loader-0.16.5.jar
[Architectury Transformer DEBUG]  - C:\Users\sreek\.gradle\caches\modules-2\files-2.1\org.jetbrains\annotations\24.1.0\7af6a669488450c4a07c2c3254e2151df42d7d04\annotations-24.1.0.jar
[Architectury Transformer DEBUG]  - C:\Users\sreek\.gradle\caches\modules-2\files-2.1\org.ow2.asm\asm\9.6\aa205cf0a06dbd8e04ece91c0b37c3f5d567546a\asm-9.6.jar
[Architectury Transformer DEBUG]  - C:\Users\sreek\.gradle\caches\modules-2\files-2.1\org.ow2.asm\asm-analysis\9.6\9ce6c7b174bd997fc2552dff47964546bd7a5ec3\asm-analysis-9.6.jar
[Architectury Transformer DEBUG]  - C:\Users\sreek\.gradle\caches\modules-2\files-2.1\org.ow2.asm\asm-commons\9.6\f1a9e5508eff490744144565c47326c8648be309\asm-commons-9.6.jar
[Architectury Transformer DEBUG]  - C:\Users\sreek\.gradle\caches\modules-2\files-2.1\org.ow2.asm\asm-tree\9.6\c0cdda9d211e965d2a4448aa3fd86110f2f8c2de\asm-tree-9.6.jar
[Architectury Transformer DEBUG]  - C:\Users\sreek\.gradle\caches\modules-2\files-2.1\org.ow2.asm\asm-util\9.6\f77caf84eb93786a749b2baa40865b9613e3eaee\asm-util-9.6.jar
[Architectury Transformer DEBUG]  - C:\Users\sreek\.gradle\caches\modules-2\files-2.1\net.fabricmc\sponge-mixin\0.15.3+mixin.0.8.7\51ee0a44ab05f6fddd66b09e66b3a16904f9c55d\sponge-mixin-0.15.3+mixin.0.8.7.jar
[Architectury Transformer DEBUG]  - C:\Users\sreek\.gradle\caches\modules-2\files-2.1\io.github.llamalad7\mixinextras-fabric\0.4.1\8d1a9e96afb990367fa1f904d17580d164da72e3\mixinextras-fabric-0.4.1.jar
[Architectury Transformer DEBUG]  - C:\Users\sreek\.gradle\caches\modules-2\files-2.1\com.github.oshi\oshi-core\6.2.2\54f5efc19bca95d709d9a37d19ffcbba3d21c1a6\oshi-core-6.2.2.jar
[Architectury Transformer DEBUG]  - C:\Users\sreek\.gradle\caches\modules-2\files-2.1\com.google.code.gson\gson\2.10\dd9b193aef96e973d5a11ab13cd17430c2e4306b\gson-2.10.jar
[Architectury Transformer DEBUG]  - C:\Users\sreek\.gradle\caches\modules-2\files-2.1\com.google.guava\failureaccess\1.0.1\1dcf1de382a0bf95a3d8b0849546c88bac1292c9\failureaccess-1.0.1.jar
[Architectury Transformer DEBUG]  - C:\Users\sreek\.gradle\caches\modules-2\files-2.1\com.google.guava\guava\31.1-jre\60458f877d055d0c9114d9e1a2efb737b4bc282c\guava-31.1-jre.jar
[Architectury Transformer DEBUG]  - C:\Users\sreek\.gradle\caches\modules-2\files-2.1\com.ibm.icu\icu4j\71.1\9e7d3304c23f9ba5cb71915f7cce23231a57a445\icu4j-71.1.jar
[Architectury Transformer DEBUG]  - C:\Users\sreek\.gradle\caches\modules-2\files-2.1\com.mojang\authlib\4.0.43\2ff9d747a77570a07a60d32ac77eb6162ad2a2d9\authlib-4.0.43.jar
[Architectury Transformer DEBUG]  - C:\Users\sreek\.gradle\caches\modules-2\files-2.1\com.mojang\blocklist\1.0.10\5c685c5ffa94c4cd39496c7184c1d122e515ecef\blocklist-1.0.10.jar
[Architectury Transformer DEBUG]  - C:\Users\sreek\.gradle\caches\modules-2\files-2.1\com.mojang\brigadier\1.1.8\5244ce82c3337bba4a196a3ce858bfaecc74404a\brigadier-1.1.8.jar
[Architectury Transformer DEBUG]  - C:\Users\sreek\.gradle\caches\modules-2\files-2.1\com.mojang\datafixerupper\6.0.8\3ba4a30557a9b057760af4011f909ba619fc5125\datafixerupper-6.0.8.jar
[Architectury Transformer DEBUG]  - C:\Users\sreek\.gradle\caches\modules-2\files-2.1\com.mojang\logging\1.1.1\832b8e6674a9b325a5175a3a6267dfaf34c85139\logging-1.1.1.jar
[Architectury Transformer DEBUG]  - C:\Users\sreek\.gradle\caches\modules-2\files-2.1\com.mojang\patchy\2.2.10\da05971b07cbb379d002cf7eaec6a2048211fefc\patchy-2.2.10.jar
[Architectury Transformer DEBUG]  - C:\Users\sreek\.gradle\caches\modules-2\files-2.1\com.mojang\text2speech\1.17.9\3cad216e3a7f0c19b4b394388bc9ffc446f13b14\text2speech-1.17.9.jar
[Architectury Transformer DEBUG]  - C:\Users\sreek\.gradle\caches\modules-2\files-2.1\commons-codec\commons-codec\1.15\49d94806b6e3dc933dacbd8acb0fdbab8ebd1e5d\commons-codec-1.15.jar
[Architectury Transformer DEBUG]  - C:\Users\sreek\.gradle\caches\modules-2\files-2.1\commons-io\commons-io\2.11.0\a2503f302b11ebde7ebc3df41daebe0e4eea3689\commons-io-2.11.0.jar
[Architectury Transformer DEBUG]  - C:\Users\sreek\.gradle\caches\modules-2\files-2.1\commons-logging\commons-logging\1.2\4bfc12adfe4842bf07b657f0369c4cb522955686\commons-logging-1.2.jar
[Architectury Transformer DEBUG]  - C:\Users\sreek\.gradle\caches\modules-2\files-2.1\io.netty\netty-buffer\4.1.82.Final\a544270cf1ae8b8077082f5036436a9a9971ea71\netty-buffer-4.1.82.Final.jar
[Architectury Transformer DEBUG]  - C:\Users\sreek\.gradle\caches\modules-2\files-2.1\io.netty\netty-codec\4.1.82.Final\b77200379acb345a9ffdece1c605e591ac3e4e0a\netty-codec-4.1.82.Final.jar
[Architectury Transformer DEBUG]  - C:\Users\sreek\.gradle\caches\modules-2\files-2.1\io.netty\netty-common\4.1.82.Final\22d148e85c3f5ebdacc0ce1f5aabb1d420f73f3\netty-common-4.1.82.Final.jar
[Architectury Transformer DEBUG]  - C:\Users\sreek\.gradle\caches\modules-2\files-2.1\io.netty\netty-handler\4.1.82.Final\644041d1fa96a5d3130a29e8978630d716d76e38\netty-handler-4.1.82.Final.jar
[Architectury Transformer DEBUG]  - C:\Users\sreek\.gradle\caches\modules-2\files-2.1\io.netty\netty-resolver\4.1.82.Final\38f665ae8dcd29032eea31245ba7806bed2e0fa8\netty-resolver-4.1.82.Final.jar
[Architectury Transformer DEBUG]  - C:\Users\sreek\.gradle\caches\modules-2\files-2.1\io.netty\netty-transport-classes-epoll\4.1.82.Final\e7c7dd18deac93105797f30057c912651ea76521\netty-transport-classes-epoll-4.1.82.Final.jar
[Architectury Transformer DEBUG]  - C:\Users\sreek\.gradle\caches\modules-2\files-2.1\io.netty\netty-transport-native-unix-common\4.1.82.Final\3e895b35ca1b8a0eca56cacff4c2dde5d2c6abce\netty-transport-native-unix-common-4.1.82.Final.jar
[Architectury Transformer DEBUG]  - C:\Users\sreek\.gradle\caches\modules-2\files-2.1\io.netty\netty-transport\4.1.82.Final\e431a218d91acb6476ccad5f5aafde50aa3945ca\netty-transport-4.1.82.Final.jar
[Architectury Transformer DEBUG]  - C:\Users\sreek\.gradle\caches\modules-2\files-2.1\it.unimi.dsi\fastutil\8.5.9\bb7ea75ecdb216654237830b3a96d87ad91f8cc5\fastutil-8.5.9.jar
[Architectury Transformer DEBUG]  - C:\Users\sreek\.gradle\caches\modules-2\files-2.1\net.java.dev.jna\jna-platform\5.12.1\97406a297c852f4a41e688a176ec675f72e8329\jna-platform-5.12.1.jar
[Architectury Transformer DEBUG]  - C:\Users\sreek\.gradle\caches\modules-2\files-2.1\net.java.dev.jna\jna\5.12.1\b1e93a735caea94f503e95e6fe79bf9cdc1e985d\jna-5.12.1.jar
[Architectury Transformer DEBUG]  - C:\Users\sreek\.gradle\caches\modules-2\files-2.1\net.sf.jopt-simple\jopt-simple\5.0.4\4fdac2fbe92dfad86aa6e9301736f6b4342a3f5c\jopt-simple-5.0.4.jar
[Architectury Transformer DEBUG]  - C:\Users\sreek\.gradle\caches\modules-2\files-2.1\org.apache.commons\commons-compress\1.21\4ec95b60d4e86b5c95a0e919cb172a0af98011ef\commons-compress-1.21.jar
[Architectury Transformer DEBUG]  - C:\Users\sreek\.gradle\caches\modules-2\files-2.1\org.apache.commons\commons-lang3\3.12.0\c6842c86792ff03b9f1d1fe2aab8dc23aa6c6f0e\commons-lang3-3.12.0.jar
[Architectury Transformer DEBUG]  - C:\Users\sreek\.gradle\caches\modules-2\files-2.1\org.apache.httpcomponents\httpclient\4.5.13\e5f6cae5ca7ecaac1ec2827a9e2d65ae2869cada\httpclient-4.5.13.jar
[Architectury Transformer DEBUG]  - C:\Users\sreek\.gradle\caches\modules-2\files-2.1\org.apache.httpcomponents\httpcore\4.4.15\7f2e0c573eaa7a74bac2e89b359e1f73d92a0a1d\httpcore-4.4.15.jar
[Architectury Transformer DEBUG]  - C:\Users\sreek\.gradle\caches\modules-2\files-2.1\org.apache.logging.log4j\log4j-api\2.19.0\ea1b37f38c327596b216542bc636cfdc0b8036fa\log4j-api-2.19.0.jar
[Architectury Transformer DEBUG]  - C:\Users\sreek\.gradle\caches\modules-2\files-2.1\org.apache.logging.log4j\log4j-core\2.19.0\3b6eeb4de4c49c0fe38a4ee27188ff5fee44d0bb\log4j-core-2.19.0.jar
[Architectury Transformer DEBUG]  - C:\Users\sreek\.gradle\caches\modules-2\files-2.1\org.apache.logging.log4j\log4j-slf4j2-impl\2.19.0\5c04bfdd63ce9dceb2e284b81e96b6a70010ee10\log4j-slf4j2-impl-2.19.0.jar
[Architectury Transformer DEBUG]  - C:\Users\sreek\.gradle\caches\modules-2\files-2.1\org.joml\joml\1.10.5\22566d58af70ad3d72308bab63b8339906deb649\joml-1.10.5.jar
[Architectury Transformer DEBUG]  - C:\Users\sreek\.gradle\caches\modules-2\files-2.1\org.lwjgl\lwjgl-glfw\3.3.1\cbac1b8d30cb4795149c1ef540f912671a8616d0\lwjgl-glfw-3.3.1.jar
[Architectury Transformer DEBUG]  - C:\Users\sreek\.gradle\caches\modules-2\files-2.1\org.lwjgl\lwjgl-jemalloc\3.3.1\a817bcf213db49f710603677457567c37d53e103\lwjgl-jemalloc-3.3.1.jar
[Architectury Transformer DEBUG]  - C:\Users\sreek\.gradle\caches\modules-2\files-2.1\org.lwjgl\lwjgl-openal\3.3.1\2623a6b8ae1dfcd880738656a9f0243d2e6840bd\lwjgl-openal-3.3.1.jar
[Architectury Transformer DEBUG]  - C:\Users\sreek\.gradle\caches\modules-2\files-2.1\org.lwjgl\lwjgl-opengl\3.3.1\831a5533a21a5f4f81bbc51bb13e9899319b5411\lwjgl-opengl-3.3.1.jar
[Architectury Transformer DEBUG]  - C:\Users\sreek\.gradle\caches\modules-2\files-2.1\org.lwjgl\lwjgl-stb\3.3.1\b119297cf8ed01f247abe8685857f8e7fcf5980f\lwjgl-stb-3.3.1.jar
[Architectury Transformer DEBUG]  - C:\Users\sreek\.gradle\caches\modules-2\files-2.1\org.lwjgl\lwjgl-tinyfd\3.3.1\ff1914111ef2e3e0110ef2dabc8d8cdaad82347\lwjgl-tinyfd-3.3.1.jar
[Architectury Transformer DEBUG]  - C:\Users\sreek\.gradle\caches\modules-2\files-2.1\org.lwjgl\lwjgl\3.3.1\ae58664f88e18a9bb2c77b063833ca7aaec484cb\lwjgl-3.3.1.jar
[Architectury Transformer DEBUG]  - C:\Users\sreek\.gradle\caches\modules-2\files-2.1\org.slf4j\slf4j-api\2.0.1\f48d81adce2abf5ad3cfe463df517952749e03bc\slf4j-api-2.0.1.jar
[Architectury Transformer DEBUG]  - D:\Programming\Mods-2\MoFoes\.gradle\loom-cache\minecraftMaven\net\minecraft\minecraft-merged-893a6edbca\1.20.1-loom.mappings.1_20_1.layered+hash.1900676243-v2\minecraft-merged-893a6edbca-1.20.1-loom.mappings.1_20_1.layered+hash.1900676243-v2.jar
[Architectury Transformer DEBUG]  - C:\Users\sreek\.gradle\caches\modules-2\files-2.1\io.netty\netty-transport-native-epoll\4.1.82.Final\c7350a71920f3ae9142945e25fed4846cce53374\netty-transport-native-epoll-4.1.82.Final-linux-x86_64.jar
[Architectury Transformer DEBUG]  - C:\Users\sreek\.gradle\caches\modules-2\files-2.1\io.netty\netty-transport-native-epoll\4.1.82.Final\476409d6255001ca53a55f65b01c13822f8dc93a\netty-transport-native-epoll-4.1.82.Final-linux-aarch_64.jar
[Architectury Transformer DEBUG]  - D:\Programming\Mods-2\MoFoes\.gradle\loom-cache\remapped_mods\loom_mappings_1_20_1_layered_hash_1900676243_v2\net\fabricmc\fabric-api\fabric-api\0.92.2+1.20.1\fabric-api-0.92.2+1.20.1.jar
[Architectury Transformer DEBUG]  - D:\Programming\Mods-2\MoFoes\.gradle\loom-cache\remapped_mods\loom_mappings_1_20_1_layered_hash_1900676243_v2\dev\architectury\architectury-fabric\9.2.14\architectury-fabric-9.2.14.jar
[Architectury Transformer DEBUG]  - D:\Programming\Mods-2\MoFoes\.gradle\loom-cache\remapped_mods\loom_mappings_1_20_1_layered_hash_1900676243_v2\net\fabricmc\fabric-api\fabric-transfer-api-v1\3.3.5+8dd72ea377\fabric-transfer-api-v1-3.3.5+8dd72ea377.jar
[Architectury Transformer DEBUG]  - D:\Programming\Mods-2\MoFoes\.gradle\loom-cache\remapped_mods\loom_mappings_1_20_1_layered_hash_1900676243_v2\net\fabricmc\fabric-api\fabric-api-lookup-api-v1\1.6.36+1802ada577\fabric-api-lookup-api-v1-1.6.36+1802ada577.jar
[Architectury Transformer DEBUG]  - D:\Programming\Mods-2\MoFoes\.gradle\loom-cache\remapped_mods\loom_mappings_1_20_1_layered_hash_1900676243_v2\net\fabricmc\fabric-api\fabric-blockrenderlayer-v1\1.1.41+1802ada577\fabric-blockrenderlayer-v1-1.1.41+1802ada577.jar
[Architectury Transformer DEBUG]  - D:\Programming\Mods-2\MoFoes\.gradle\loom-cache\remapped_mods\loom_mappings_1_20_1_layered_hash_1900676243_v2\net\fabricmc\fabric-api\fabric-client-tags-api-v1\1.1.2+1802ada577\fabric-client-tags-api-v1-1.1.2+1802ada577.jar
[Architectury Transformer DEBUG]  - D:\Programming\Mods-2\MoFoes\.gradle\loom-cache\remapped_mods\loom_mappings_1_20_1_layered_hash_1900676243_v2\net\fabricmc\fabric-api\fabric-command-api-v1\1.2.34+f71b366f77\fabric-command-api-v1-1.2.34+f71b366f77.jar
[Architectury Transformer DEBUG]  - D:\Programming\Mods-2\MoFoes\.gradle\loom-cache\remapped_mods\loom_mappings_1_20_1_layered_hash_1900676243_v2\net\fabricmc\fabric-api\fabric-commands-v0\0.2.51+df3654b377\fabric-commands-v0-0.2.51+df3654b377.jar
[Architectury Transformer DEBUG]  - D:\Programming\Mods-2\MoFoes\.gradle\loom-cache\remapped_mods\loom_mappings_1_20_1_layered_hash_1900676243_v2\net\fabricmc\fabric-api\fabric-command-api-v2\2.2.13+1802ada577\fabric-command-api-v2-2.2.13+1802ada577.jar
[Architectury Transformer DEBUG]  - D:\Programming\Mods-2\MoFoes\.gradle\loom-cache\remapped_mods\loom_mappings_1_20_1_layered_hash_1900676243_v2\net\fabricmc\fabric-api\fabric-content-registries-v0\4.0.11+1802ada577\fabric-content-registries-v0-4.0.11+1802ada577.jar
[Architectury Transformer DEBUG]  - D:\Programming\Mods-2\MoFoes\.gradle\loom-cache\remapped_mods\loom_mappings_1_20_1_layered_hash_1900676243_v2\net\fabricmc\fabric-api\fabric-convention-tags-v1\1.5.5+1802ada577\fabric-convention-tags-v1-1.5.5+1802ada577.jar
[Architectury Transformer DEBUG]  - D:\Programming\Mods-2\MoFoes\.gradle\loom-cache\remapped_mods\loom_mappings_1_20_1_layered_hash_1900676243_v2\net\fabricmc\fabric-api\fabric-data-attachment-api-v1\1.0.0+de0fd6d177\fabric-data-attachment-api-v1-1.0.0+de0fd6d177.jar
[Architectury Transformer DEBUG]  - D:\Programming\Mods-2\MoFoes\.gradle\loom-cache\remapped_mods\loom_mappings_1_20_1_layered_hash_1900676243_v2\net\fabricmc\fabric-api\fabric-data-generation-api-v1\12.3.4+1802ada577\fabric-data-generation-api-v1-12.3.4+1802ada577.jar
[Architectury Transformer DEBUG]  - D:\Programming\Mods-2\MoFoes\.gradle\loom-cache\remapped_mods\loom_mappings_1_20_1_layered_hash_1900676243_v2\net\fabricmc\fabric-api\fabric-dimensions-v1\2.1.54+1802ada577\fabric-dimensions-v1-2.1.54+1802ada577.jar
[Architectury Transformer DEBUG]  - D:\Programming\Mods-2\MoFoes\.gradle\loom-cache\remapped_mods\loom_mappings_1_20_1_layered_hash_1900676243_v2\net\fabricmc\fabric-api\fabric-entity-events-v1\1.6.0+1c78457f77\fabric-entity-events-v1-1.6.0+1c78457f77.jar
[Architectury Transformer DEBUG]  - D:\Programming\Mods-2\MoFoes\.gradle\loom-cache\remapped_mods\loom_mappings_1_20_1_layered_hash_1900676243_v2\net\fabricmc\fabric-api\fabric-events-interaction-v0\0.6.2+1802ada577\fabric-events-interaction-v0-0.6.2+1802ada577.jar
[Architectury Transformer DEBUG]  - D:\Programming\Mods-2\MoFoes\.gradle\loom-cache\remapped_mods\loom_mappings_1_20_1_layered_hash_1900676243_v2\net\fabricmc\fabric-api\fabric-gametest-api-v1\1.2.13+1802ada577\fabric-gametest-api-v1-1.2.13+1802ada577.jar
[Architectury Transformer DEBUG]  - D:\Programming\Mods-2\MoFoes\.gradle\loom-cache\remapped_mods\loom_mappings_1_20_1_layered_hash_1900676243_v2\net\fabricmc\fabric-api\fabric-events-lifecycle-v0\0.2.63+df3654b377\fabric-events-lifecycle-v0-0.2.63+df3654b377.jar
[Architectury Transformer DEBUG]  - D:\Programming\Mods-2\MoFoes\.gradle\loom-cache\remapped_mods\loom_mappings_1_20_1_layered_hash_1900676243_v2\net\fabricmc\fabric-api\fabric-item-api-v1\2.1.28+1802ada577\fabric-item-api-v1-2.1.28+1802ada577.jar
[Architectury Transformer DEBUG]  - D:\Programming\Mods-2\MoFoes\.gradle\loom-cache\remapped_mods\loom_mappings_1_20_1_layered_hash_1900676243_v2\net\fabricmc\fabric-api\fabric-item-group-api-v1\4.0.12+1802ada577\fabric-item-group-api-v1-4.0.12+1802ada577.jar
[Architectury Transformer DEBUG]  - D:\Programming\Mods-2\MoFoes\.gradle\loom-cache\remapped_mods\loom_mappings_1_20_1_layered_hash_1900676243_v2\net\fabricmc\fabric-api\fabric-mining-level-api-v1\2.1.50+1802ada577\fabric-mining-level-api-v1-2.1.50+1802ada577.jar
[Architectury Transformer DEBUG]  - D:\Programming\Mods-2\MoFoes\.gradle\loom-cache\remapped_mods\loom_mappings_1_20_1_layered_hash_1900676243_v2\net\fabricmc\fabric-api\fabric-lifecycle-events-v1\2.2.22+1802ada577\fabric-lifecycle-events-v1-2.2.22+1802ada577.jar
[Architectury Transformer DEBUG]  - D:\Programming\Mods-2\MoFoes\.gradle\loom-cache\remapped_mods\loom_mappings_1_20_1_layered_hash_1900676243_v2\net\fabricmc\fabric-api\fabric-loot-tables-v1\1.1.45+9e7660c677\fabric-loot-tables-v1-1.1.45+9e7660c677.jar
[Architectury Transformer DEBUG]  - D:\Programming\Mods-2\MoFoes\.gradle\loom-cache\remapped_mods\loom_mappings_1_20_1_layered_hash_1900676243_v2\net\fabricmc\fabric-api\fabric-loot-api-v2\1.2.1+1802ada577\fabric-loot-api-v2-1.2.1+1802ada577.jar
[Architectury Transformer DEBUG]  - D:\Programming\Mods-2\MoFoes\.gradle\loom-cache\remapped_mods\loom_mappings_1_20_1_layered_hash_1900676243_v2\net\fabricmc\fabric-api\fabric-message-api-v1\5.1.9+1802ada577\fabric-message-api-v1-5.1.9+1802ada577.jar
[Architectury Transformer DEBUG]  - D:\Programming\Mods-2\MoFoes\.gradle\loom-cache\remapped_mods\loom_mappings_1_20_1_layered_hash_1900676243_v2\net\fabricmc\fabric-api\fabric-models-v0\0.4.2+9386d8a777\fabric-models-v0-0.4.2+9386d8a777.jar
[Architectury Transformer DEBUG]  - D:\Programming\Mods-2\MoFoes\.gradle\loom-cache\remapped_mods\loom_mappings_1_20_1_layered_hash_1900676243_v2\net\fabricmc\fabric-api\fabric-model-loading-api-v1\1.0.3+1802ada577\fabric-model-loading-api-v1-1.0.3+1802ada577.jar
[Architectury Transformer DEBUG]  - D:\Programming\Mods-2\MoFoes\.gradle\loom-cache\remapped_mods\loom_mappings_1_20_1_layered_hash_1900676243_v2\net\fabricmc\fabric-api\fabric-recipe-api-v1\1.0.21+1802ada577\fabric-recipe-api-v1-1.0.21+1802ada577.jar
[Architectury Transformer DEBUG]  - D:\Programming\Mods-2\MoFoes\.gradle\loom-cache\remapped_mods\loom_mappings_1_20_1_layered_hash_1900676243_v2\net\fabricmc\fabric-api\fabric-registry-sync-v0\2.3.3+1802ada577\fabric-registry-sync-v0-2.3.3+1802ada577.jar
[Architectury Transformer DEBUG]  - D:\Programming\Mods-2\MoFoes\.gradle\loom-cache\remapped_mods\loom_mappings_1_20_1_layered_hash_1900676243_v2\net\fabricmc\fabric-api\fabric-screen-handler-api-v1\1.3.30+1802ada577\fabric-screen-handler-api-v1-1.3.30+1802ada577.jar
[Architectury Transformer DEBUG]  - D:\Programming\Mods-2\MoFoes\.gradle\loom-cache\remapped_mods\loom_mappings_1_20_1_layered_hash_1900676243_v2\net\fabricmc\fabric-api\fabric-containers-v0\0.1.64+df3654b377\fabric-containers-v0-0.1.64+df3654b377.jar
[Architectury Transformer DEBUG]  - D:\Programming\Mods-2\MoFoes\.gradle\loom-cache\remapped_mods\loom_mappings_1_20_1_layered_hash_1900676243_v2\net\fabricmc\fabric-api\fabric-networking-v0\0.3.51+df3654b377\fabric-networking-v0-0.3.51+df3654b377.jar
[Architectury Transformer DEBUG]  - D:\Programming\Mods-2\MoFoes\.gradle\loom-cache\remapped_mods\loom_mappings_1_20_1_layered_hash_1900676243_v2\net\fabricmc\fabric-api\fabric-networking-api-v1\1.3.11+1802ada577\fabric-networking-api-v1-1.3.11+1802ada577.jar
[Architectury Transformer DEBUG]  - D:\Programming\Mods-2\MoFoes\.gradle\loom-cache\remapped_mods\loom_mappings_1_20_1_layered_hash_1900676243_v2\net\fabricmc\fabric-api\fabric-object-builder-api-v1\11.1.3+1802ada577\fabric-object-builder-api-v1-11.1.3+1802ada577.jar
[Architectury Transformer DEBUG]  - D:\Programming\Mods-2\MoFoes\.gradle\loom-cache\remapped_mods\loom_mappings_1_20_1_layered_hash_1900676243_v2\net\fabricmc\fabric-api\fabric-particles-v1\1.1.2+1802ada577\fabric-particles-v1-1.1.2+1802ada577.jar
[Architectury Transformer DEBUG]  - D:\Programming\Mods-2\MoFoes\.gradle\loom-cache\remapped_mods\loom_mappings_1_20_1_layered_hash_1900676243_v2\net\fabricmc\fabric-api\fabric-renderer-indigo\1.5.2+85287f9f77\fabric-renderer-indigo-1.5.2+85287f9f77.jar
[Architectury Transformer DEBUG]  - D:\Programming\Mods-2\MoFoes\.gradle\loom-cache\remapped_mods\loom_mappings_1_20_1_layered_hash_1900676243_v2\net\fabricmc\fabric-api\fabric-renderer-api-v1\3.2.1+1802ada577\fabric-renderer-api-v1-3.2.1+1802ada577.jar
[Architectury Transformer DEBUG]  - D:\Programming\Mods-2\MoFoes\.gradle\loom-cache\remapped_mods\loom_mappings_1_20_1_layered_hash_1900676243_v2\net\fabricmc\fabric-api\fabric-rendering-fluids-v1\3.0.28+1802ada577\fabric-rendering-fluids-v1-3.0.28+1802ada577.jar
[Architectury Transformer DEBUG]  - D:\Programming\Mods-2\MoFoes\.gradle\loom-cache\remapped_mods\loom_mappings_1_20_1_layered_hash_1900676243_v2\net\fabricmc\fabric-api\fabric-renderer-registries-v1\3.2.46+df3654b377\fabric-renderer-registries-v1-3.2.46+df3654b377.jar
[Architectury Transformer DEBUG]  - D:\Programming\Mods-2\MoFoes\.gradle\loom-cache\remapped_mods\loom_mappings_1_20_1_layered_hash_1900676243_v2\net\fabricmc\fabric-api\fabric-rendering-v0\1.1.49+df3654b377\fabric-rendering-v0-1.1.49+df3654b377.jar
[Architectury Transformer DEBUG]  - D:\Programming\Mods-2\MoFoes\.gradle\loom-cache\remapped_mods\loom_mappings_1_20_1_layered_hash_1900676243_v2\net\fabricmc\fabric-api\fabric-rendering-v1\3.0.8+1802ada577\fabric-rendering-v1-3.0.8+1802ada577.jar
[Architectury Transformer DEBUG]  - D:\Programming\Mods-2\MoFoes\.gradle\loom-cache\remapped_mods\loom_mappings_1_20_1_layered_hash_1900676243_v2\net\fabricmc\fabric-api\fabric-screen-api-v1\2.0.8+1802ada577\fabric-screen-api-v1-2.0.8+1802ada577.jar
[Architectury Transformer DEBUG]  - D:\Programming\Mods-2\MoFoes\.gradle\loom-cache\remapped_mods\loom_mappings_1_20_1_layered_hash_1900676243_v2\net\fabricmc\fabric-api\fabric-api-base\0.4.31+1802ada577\fabric-api-base-0.4.31+1802ada577.jar
[Architectury Transformer DEBUG]  - D:\Programming\Mods-2\MoFoes\.gradle\loom-cache\remapped_mods\loom_mappings_1_20_1_layered_hash_1900676243_v2\net\fabricmc\fabric-api\fabric-biome-api-v1\13.0.13+1802ada577\fabric-biome-api-v1-13.0.13+1802ada577.jar
[Architectury Transformer DEBUG]  - D:\Programming\Mods-2\MoFoes\.gradle\loom-cache\remapped_mods\loom_mappings_1_20_1_layered_hash_1900676243_v2\net\fabricmc\fabric-api\fabric-block-api-v1\1.0.11+1802ada577\fabric-block-api-v1-1.0.11+1802ada577.jar
[Architectury Transformer DEBUG]  - D:\Programming\Mods-2\MoFoes\.gradle\loom-cache\remapped_mods\loom_mappings_1_20_1_layered_hash_1900676243_v2\net\fabricmc\fabric-api\fabric-rendering-data-attachment-v1\0.3.37+92a0d36777\fabric-rendering-data-attachment-v1-0.3.37+92a0d36777.jar
[Architectury Transformer DEBUG]  - D:\Programming\Mods-2\MoFoes\.gradle\loom-cache\remapped_mods\loom_mappings_1_20_1_layered_hash_1900676243_v2\net\fabricmc\fabric-api\fabric-block-view-api-v2\1.0.1+1802ada577\fabric-block-view-api-v2-1.0.1+1802ada577.jar
[Architectury Transformer DEBUG]  - D:\Programming\Mods-2\MoFoes\.gradle\loom-cache\remapped_mods\loom_mappings_1_20_1_layered_hash_1900676243_v2\net\fabricmc\fabric-api\fabric-crash-report-info-v1\0.2.19+1802ada577\fabric-crash-report-info-v1-0.2.19+1802ada577.jar
[Architectury Transformer DEBUG]  - D:\Programming\Mods-2\MoFoes\.gradle\loom-cache\remapped_mods\loom_mappings_1_20_1_layered_hash_1900676243_v2\net\fabricmc\fabric-api\fabric-game-rule-api-v1\1.0.40+1802ada577\fabric-game-rule-api-v1-1.0.40+1802ada577.jar
[Architectury Transformer DEBUG]  - D:\Programming\Mods-2\MoFoes\.gradle\loom-cache\remapped_mods\loom_mappings_1_20_1_layered_hash_1900676243_v2\net\fabricmc\fabric-api\fabric-keybindings-v0\0.2.35+df3654b377\fabric-keybindings-v0-0.2.35+df3654b377.jar
[Architectury Transformer DEBUG]  - D:\Programming\Mods-2\MoFoes\.gradle\loom-cache\remapped_mods\loom_mappings_1_20_1_layered_hash_1900676243_v2\net\fabricmc\fabric-api\fabric-key-binding-api-v1\1.0.37+1802ada577\fabric-key-binding-api-v1-1.0.37+1802ada577.jar
[Architectury Transformer DEBUG]  - D:\Programming\Mods-2\MoFoes\.gradle\loom-cache\remapped_mods\loom_mappings_1_20_1_layered_hash_1900676243_v2\net\fabricmc\fabric-api\fabric-resource-conditions-api-v1\2.3.8+1802ada577\fabric-resource-conditions-api-v1-2.3.8+1802ada577.jar
[Architectury Transformer DEBUG]  - D:\Programming\Mods-2\MoFoes\.gradle\loom-cache\remapped_mods\loom_mappings_1_20_1_layered_hash_1900676243_v2\net\fabricmc\fabric-api\fabric-resource-loader-v0\0.11.10+1802ada577\fabric-resource-loader-v0-0.11.10+1802ada577.jar
[Architectury Transformer DEBUG]  - D:\Programming\Mods-2\MoFoes\.gradle\loom-cache\remapped_mods\loom_mappings_1_20_1_layered_hash_1900676243_v2\net\fabricmc\fabric-api\fabric-sound-api-v1\1.0.13+1802ada577\fabric-sound-api-v1-1.0.13+1802ada577.jar
[Architectury Transformer DEBUG]  - D:\Programming\Mods-2\MoFoes\.gradle\loom-cache\remapped_mods\loom_mappings_1_20_1_layered_hash_1900676243_v2\net\fabricmc\fabric-api\fabric-transitive-access-wideners-v1\4.3.1+1802ada577\fabric-transitive-access-wideners-v1-4.3.1+1802ada577.jar
[Architectury Transformer] Read classpath in 3.078 s
[Architectury Transformer DEBUG] Closed File Systems for D:\Programming\Mods-2\MoFoes\common\build\devlibs\MoFoes-common-1.0.0-dev.jar
[Architectury Transformer DEBUG] Transforming 5 transformer(s) from D:\Programming\Mods-2\MoFoes\common\build\devlibs\MoFoes-common-1.0.0-dev.jar to C:\Users\sreek\AppData\Local\Temp\1677320059252524956.jar: 
[Architectury Transformer DEBUG]  - dev.architectury.transformer.transformers.RuntimeMixinRefmapDetector@ba8d91c
[Architectury Transformer DEBUG]  - dev.architectury.transformer.transformers.GenerateFakeFabricMod@7364985f
[Architectury Transformer DEBUG]  - dev.architectury.transformer.transformers.TransformExpectPlatform@5d20e46
[Architectury Transformer DEBUG]  - dev.architectury.transformer.transformers.RemapInjectables@709ba3fb
[Architectury Transformer DEBUG]  - dev.architectury.transformer.transformers.TransformPlatformOnly@3d36e4cd
[Architectury Transformer DEBUG] Transforming from D:\Programming\Mods-2\MoFoes\common\build\devlibs\MoFoes-common-1.0.0-dev.jar to C:\Users\sreek\AppData\Local\Temp\1677320059252524956.jar with 5 transformer(s) on dev.architectury.transformer.handler.SimpleTransformerHandler
[Architectury Transformer DEBUG] Found class transformer
[Architectury Transformer DEBUG] Writing org/chubby/github/mofoes/client/model/AbstractKomodoModel with maxs=true frames=true
[Architectury Transformer DEBUG] Writing org/chubby/github/mofoes/client/model/BisonModel with maxs=true frames=true
[Architectury Transformer DEBUG] Writing org/chubby/github/mofoes/client/model/HogmenModel with maxs=true frames=true
[Architectury Transformer DEBUG] Writing org/chubby/github/mofoes/client/model/StalkerEndermanModel with maxs=true frames=true
[Architectury Transformer DEBUG] Writing org/chubby/github/mofoes/client/ModModelLayers with maxs=true frames=true
[Architectury Transformer DEBUG] Writing org/chubby/github/mofoes/client/renderer/AbstractKomodoRenderer with maxs=true frames=true
[Architectury Transformer DEBUG] Writing org/chubby/github/mofoes/client/renderer/BasicKomodoRenderer with maxs=true frames=true
[Architectury Transformer DEBUG] Writing org/chubby/github/mofoes/client/renderer/BisonRenderer with maxs=true frames=true
[Architectury Transformer DEBUG] Writing org/chubby/github/mofoes/client/renderer/HogmenBruteRenderer with maxs=true frames=true
[Architectury Transformer DEBUG] Writing org/chubby/github/mofoes/client/renderer/HogmenRenderer with maxs=true frames=true
[Architectury Transformer DEBUG] Writing org/chubby/github/mofoes/client/renderer/KomodoBruteRenderer with maxs=true frames=true
[Architectury Transformer DEBUG] Writing org/chubby/github/mofoes/client/renderer/KomodoSorcererRenderer with maxs=true frames=true
[Architectury Transformer DEBUG] Writing org/chubby/github/mofoes/client/renderer/KomodoZealotRenderer with maxs=true frames=true
[Architectury Transformer DEBUG] Writing org/chubby/github/mofoes/client/renderer/layer/ModEyesLayer with maxs=true frames=true
[Architectury Transformer DEBUG] Writing org/chubby/github/mofoes/client/renderer/StalkerEndermanRenderer with maxs=true frames=true
[Architectury Transformer DEBUG] Writing org/chubby/github/mofoes/common/commands/CheckSpawnCommand with maxs=true frames=true
[Architectury Transformer DEBUG] Writing org/chubby/github/mofoes/common/entity/ai/behaviour/RushToItem with maxs=true frames=true
[Architectury Transformer DEBUG] Writing org/chubby/github/mofoes/common/entity/ai/behaviour/StartAdmiringItemIfSeen with maxs=true frames=true
[Architectury Transformer DEBUG] Writing org/chubby/github/mofoes/common/entity/ai/behaviour/StopHoldingItemIfNoLongerAdmiring with maxs=true frames=true
[Architectury Transformer DEBUG] Writing org/chubby/github/mofoes/common/entity/ai/HogmanBruteAi with maxs=true frames=true
[Architectury Transformer DEBUG] Writing org/chubby/github/mofoes/common/entity/ai/HogmenAi with maxs=true frames=true
[Architectury Transformer DEBUG] Writing org/chubby/github/mofoes/common/entity/ai/memory/MemoryModules with maxs=true frames=true
[Architectury Transformer DEBUG] Writing org/chubby/github/mofoes/common/entity/ai/sensor/HogmenBruteSensor with maxs=true frames=true
[Architectury Transformer DEBUG] Writing org/chubby/github/mofoes/common/entity/ai/sensor/HogmenSensor with maxs=true frames=true
[Architectury Transformer DEBUG] Writing org/chubby/github/mofoes/common/entity/ai/sensor/ModSensors with maxs=true frames=true
[Architectury Transformer DEBUG] Writing org/chubby/github/mofoes/common/entity/EntityBison$SpawnData with maxs=true frames=true
[Architectury Transformer DEBUG] Writing org/chubby/github/mofoes/common/entity/EntityBison with maxs=true frames=true
[Architectury Transformer DEBUG] Writing org/chubby/github/mofoes/common/entity/EntityHogmen with maxs=true frames=true
[Architectury Transformer DEBUG] Writing org/chubby/github/mofoes/common/entity/goals/ProtectAnimalGoal with maxs=true frames=true
[Architectury Transformer DEBUG] Writing org/chubby/github/mofoes/common/entity/goals/StayWithEntityGoal with maxs=true frames=true
[Architectury Transformer DEBUG] Writing org/chubby/github/mofoes/common/entity/HogmanBrute with maxs=true frames=true
[Architectury Transformer DEBUG] Writing org/chubby/github/mofoes/common/entity/komodo/AbstractKomodo$KomodoArmPoses with maxs=true frames=true
[Architectury Transformer DEBUG] Writing org/chubby/github/mofoes/common/entity/komodo/AbstractKomodo with maxs=true frames=true
[Architectury Transformer DEBUG] Writing org/chubby/github/mofoes/common/entity/komodo/AbstractSorcerer$IllagerSpell with maxs=true frames=true
[Architectury Transformer DEBUG] Writing org/chubby/github/mofoes/common/entity/komodo/AbstractSorcerer$SpellcasterCastingSpellGoal with maxs=true frames=true
[Architectury Transformer DEBUG] Writing org/chubby/github/mofoes/common/entity/komodo/AbstractSorcerer$SpellcasterUseSpellGoal with maxs=true frames=true
[Architectury Transformer DEBUG] Writing org/chubby/github/mofoes/common/entity/komodo/AbstractSorcerer with maxs=true frames=true
[Architectury Transformer DEBUG] Writing org/chubby/github/mofoes/common/entity/komodo/BasicKomodo with maxs=true frames=true
[Architectury Transformer DEBUG] Writing org/chubby/github/mofoes/common/entity/komodo/KomodoBrute$BreakGoalDoor with maxs=true frames=true
[Architectury Transformer DEBUG] Writing org/chubby/github/mofoes/common/entity/komodo/KomodoBrute with maxs=true frames=true
[Architectury Transformer DEBUG] Writing org/chubby/github/mofoes/common/entity/komodo/KomodoSorcerer$EvokerAttackSpellGoal with maxs=true frames=true
[Architectury Transformer DEBUG] Writing org/chubby/github/mofoes/common/entity/komodo/KomodoSorcerer$EvokerCastingSpellGoal with maxs=true frames=true
[Architectury Transformer DEBUG] Writing org/chubby/github/mofoes/common/entity/komodo/KomodoSorcerer$EvokerSummonSpellGoal with maxs=true frames=true
[Architectury Transformer DEBUG] Writing org/chubby/github/mofoes/common/entity/komodo/KomodoSorcerer with maxs=true frames=true
[Architectury Transformer DEBUG] Writing org/chubby/github/mofoes/common/entity/komodo/KomodoZealot$1 with maxs=true frames=true
[Architectury Transformer DEBUG] Writing org/chubby/github/mofoes/common/entity/komodo/KomodoZealot$IllusionerMirrorSpellGoal with maxs=true frames=true
[Architectury Transformer DEBUG] Writing org/chubby/github/mofoes/common/entity/komodo/KomodoZealot with maxs=true frames=true
[Architectury Transformer DEBUG] Writing org/chubby/github/mofoes/common/entity/spawn/BisonSpawnData with maxs=true frames=true
[Architectury Transformer DEBUG] Writing org/chubby/github/mofoes/common/entity/StalkerEnderman with maxs=true frames=true
[Architectury Transformer DEBUG] Writing org/chubby/github/mofoes/common/init/ModCreativeTab with maxs=true frames=true
[Architectury Transformer DEBUG] Writing org/chubby/github/mofoes/common/init/ModEntities with maxs=true frames=true
[Architectury Transformer DEBUG] Writing org/chubby/github/mofoes/common/init/ModItems with maxs=true frames=true
[Architectury Transformer DEBUG] Writing org/chubby/github/mofoes/common/world/HogmanOutpost with maxs=true frames=true
[Architectury Transformer DEBUG] Writing org/chubby/github/mofoes/common/world/IComplexSpawn with maxs=true frames=true
[Architectury Transformer DEBUG] Writing org/chubby/github/mofoes/Mofoes with maxs=true frames=true
[Architectury Transformer DEBUG] Writing org/chubby/github/mofoes/tags/ModTags$Items with maxs=true frames=true
[Architectury Transformer DEBUG] Writing org/chubby/github/mofoes/tags/ModTags with maxs=true frames=true
[Architectury Transformer DEBUG] Checking whether /architectury.common.json is a mixin config.
[Architectury Transformer DEBUG] Checking whether /mofoes.mixins.json is a mixin config.
[Architectury Transformer DEBUG] Closed File Systems for C:\Users\sreek\AppData\Local\Temp\1677320059252524956.jar
[Architectury Transformer] Listening at D:\Programming\Mods-2\MoFoes\common\build\devlibs\MoFoes-common-1.0.0-dev.jar
[Architectury Transformer DEBUG] Temporary jar [C:\Users\sreek\AppData\Local\Temp\1677320059252524956.jar] contains packages: org.chubby.github.mofoes.common.world, org.chubby.github.mofoes.common.init, org.chubby.github.mofoes.tags, org.chubby.github.mofoes, org.chubby.github.mofoes.common.commands, org.chubby.github.mofoes.common.entity.ai.memory, org.chubby.github.mofoes.common.entity.komodo, org.chubby.github.mofoes.client.renderer, org.chubby.github.mofoes.client, org.chubby.github.mofoes.common.entity.ai, org.chubby.github.mofoes.common.entity.spawn, org.chubby.github.mofoes.common.entity.ai.sensor, org.chubby.github.mofoes.common.entity.ai.behaviour, org.chubby.github.mofoes.common.entity, org.chubby.github.mofoes.client.model, org.chubby.github.mofoes.common.entity.goals, org.chubby.github.mofoes.client.renderer.layer
[Architectury Transformer DEBUG] Closed File Systems for D:\Programming\Mods-2\MoFoes\common\build\devlibs\MoFoes-common-1.0.0-dev.jar
[Architectury Transformer DEBUG] Classpath entry [D:\Programming\Mods-2\MoFoes\fabric\build\resources\main] contains packages: 
[Architectury Transformer DEBUG] Classpath entry [D:\Programming\Mods-2\MoFoes\common\build\resources\main] contains packages: 
[Architectury Transformer DEBUG] Transforming from org/chubby/github/mofoes/Mofoes.class to org/chubby/github/mofoes/Mofoes.class with 5 transformer(s) on dev.architectury.transformer.handler.TinyRemapperPreparedTransformerHandler
[Architectury Transformer DEBUG] Found class transformer
[Architectury Transformer DEBUG] Writing org/chubby/github/mofoes/Mofoes with maxs=true frames=true
[Architectury Transformer DEBUG] Transformed org/chubby/github/mofoes/Mofoes in 11.20 ms
[Architectury Transformer DEBUG] Transforming from org/chubby/github/mofoes/common/init/ModEntities.class to org/chubby/github/mofoes/common/init/ModEntities.class with 5 transformer(s) on dev.architectury.transformer.handler.TinyRemapperPreparedTransformerHandler
[Architectury Transformer DEBUG] Found class transformer
[Architectury Transformer DEBUG] Writing org/chubby/github/mofoes/common/init/ModEntities with maxs=true frames=true
[Architectury Transformer DEBUG] Transformed org/chubby/github/mofoes/common/init/ModEntities in 3.559 ms
[Architectury Transformer DEBUG] Transforming from org/chubby/github/mofoes/common/entity/EntityBison.class to org/chubby/github/mofoes/common/entity/EntityBison.class with 5 transformer(s) on dev.architectury.transformer.handler.TinyRemapperPreparedTransformerHandler
[Architectury Transformer DEBUG] Found class transformer
[Architectury Transformer DEBUG] Writing org/chubby/github/mofoes/common/entity/EntityBison with maxs=true frames=true
[Architectury Transformer DEBUG] Transformed org/chubby/github/mofoes/common/entity/EntityBison in 4.406 ms
[Architectury Transformer DEBUG] Transforming from org/chubby/github/mofoes/common/entity/goals/ProtectAnimalGoal.class to org/chubby/github/mofoes/common/entity/goals/ProtectAnimalGoal.class with 5 transformer(s) on dev.architectury.transformer.handler.TinyRemapperPreparedTransformerHandler
[Architectury Transformer DEBUG] Found class transformer
[Architectury Transformer DEBUG] Writing org/chubby/github/mofoes/common/entity/goals/ProtectAnimalGoal with maxs=true frames=true
[Architectury Transformer DEBUG] Transformed org/chubby/github/mofoes/common/entity/goals/ProtectAnimalGoal in 558.5 μs
[Architectury Transformer DEBUG] Transforming from org/chubby/github/mofoes/common/entity/goals/StayWithEntityGoal.class to org/chubby/github/mofoes/common/entity/goals/StayWithEntityGoal.class with 5 transformer(s) on dev.architectury.transformer.handler.TinyRemapperPreparedTransformerHandler
[Architectury Transformer DEBUG] Found class transformer
[Architectury Transformer DEBUG] Writing org/chubby/github/mofoes/common/entity/goals/StayWithEntityGoal with maxs=true frames=true
[Architectury Transformer DEBUG] Transformed org/chubby/github/mofoes/common/entity/goals/StayWithEntityGoal in 616.7 μs
[Architectury Transformer DEBUG] Transforming from org/chubby/github/mofoes/common/entity/EntityHogmen.class to org/chubby/github/mofoes/common/entity/EntityHogmen.class with 5 transformer(s) on dev.architectury.transformer.handler.TinyRemapperPreparedTransformerHandler
[Architectury Transformer DEBUG] Found class transformer
[Architectury Transformer DEBUG] Writing org/chubby/github/mofoes/common/entity/EntityHogmen with maxs=true frames=true
[Architectury Transformer DEBUG] Transformed org/chubby/github/mofoes/common/entity/EntityHogmen in 2.564 ms
[Architectury Transformer DEBUG] Transforming from org/chubby/github/mofoes/common/entity/HogmanBrute.class to org/chubby/github/mofoes/common/entity/HogmanBrute.class with 5 transformer(s) on dev.architectury.transformer.handler.TinyRemapperPreparedTransformerHandler
[Architectury Transformer DEBUG] Found class transformer
[Architectury Transformer DEBUG] Writing org/chubby/github/mofoes/common/entity/HogmanBrute with maxs=true frames=true
[Architectury Transformer DEBUG] Transformed org/chubby/github/mofoes/common/entity/HogmanBrute in 1.458 ms
[Architectury Transformer DEBUG] Transforming from org/chubby/github/mofoes/common/entity/komodo/BasicKomodo.class to org/chubby/github/mofoes/common/entity/komodo/BasicKomodo.class with 5 transformer(s) on dev.architectury.transformer.handler.TinyRemapperPreparedTransformerHandler
[Architectury Transformer DEBUG] Found class transformer
[Architectury Transformer DEBUG] Writing org/chubby/github/mofoes/common/entity/komodo/BasicKomodo with maxs=true frames=true
[Architectury Transformer DEBUG] Transformed org/chubby/github/mofoes/common/entity/komodo/BasicKomodo in 1.829 ms
[Architectury Transformer DEBUG] Transforming from org/chubby/github/mofoes/common/entity/komodo/AbstractKomodo.class to org/chubby/github/mofoes/common/entity/komodo/AbstractKomodo.class with 5 transformer(s) on dev.architectury.transformer.handler.TinyRemapperPreparedTransformerHandler
[Architectury Transformer DEBUG] Found class transformer
[Architectury Transformer DEBUG] Writing org/chubby/github/mofoes/common/entity/komodo/AbstractKomodo with maxs=true frames=true
[Architectury Transformer DEBUG] Transformed org/chubby/github/mofoes/common/entity/komodo/AbstractKomodo in 681.3 μs
[Architectury Transformer DEBUG] Transforming from org/chubby/github/mofoes/common/entity/komodo/KomodoBrute.class to org/chubby/github/mofoes/common/entity/komodo/KomodoBrute.class with 5 transformer(s) on dev.architectury.transformer.handler.TinyRemapperPreparedTransformerHandler
[Architectury Transformer DEBUG] Found class transformer
[Architectury Transformer DEBUG] Writing org/chubby/github/mofoes/common/entity/komodo/KomodoBrute with maxs=true frames=true
[Architectury Transformer DEBUG] Transformed org/chubby/github/mofoes/common/entity/komodo/KomodoBrute in 1.200 ms
[Architectury Transformer DEBUG] Transforming from org/chubby/github/mofoes/common/entity/komodo/KomodoBrute$BreakGoalDoor.class to org/chubby/github/mofoes/common/entity/komodo/KomodoBrute$BreakGoalDoor.class with 5 transformer(s) on dev.architectury.transformer.handler.TinyRemapperPreparedTransformerHandler
[Architectury Transformer DEBUG] Found class transformer
[Architectury Transformer DEBUG] Writing org/chubby/github/mofoes/common/entity/komodo/KomodoBrute$BreakGoalDoor with maxs=true frames=true
[Architectury Transformer DEBUG] Transformed org/chubby/github/mofoes/common/entity/komodo/KomodoBrute$BreakGoalDoor in 513.5 μs
[Architectury Transformer DEBUG] Transforming from org/chubby/github/mofoes/common/entity/komodo/KomodoSorcerer.class to org/chubby/github/mofoes/common/entity/komodo/KomodoSorcerer.class with 5 transformer(s) on dev.architectury.transformer.handler.TinyRemapperPreparedTransformerHandler
[Architectury Transformer DEBUG] Found class transformer
[Architectury Transformer DEBUG] Writing org/chubby/github/mofoes/common/entity/komodo/KomodoSorcerer with maxs=true frames=true
[Architectury Transformer DEBUG] Transformed org/chubby/github/mofoes/common/entity/komodo/KomodoSorcerer in 940.6 μs
[Architectury Transformer DEBUG] Transforming from org/chubby/github/mofoes/common/entity/komodo/AbstractSorcerer.class to org/chubby/github/mofoes/common/entity/komodo/AbstractSorcerer.class with 5 transformer(s) on dev.architectury.transformer.handler.TinyRemapperPreparedTransformerHandler
[Architectury Transformer DEBUG] Found class transformer
[Architectury Transformer DEBUG] Writing org/chubby/github/mofoes/common/entity/komodo/AbstractSorcerer with maxs=true frames=true
[Architectury Transformer DEBUG] Transformed org/chubby/github/mofoes/common/entity/komodo/AbstractSorcerer in 874.4 μs
[Architectury Transformer DEBUG] Transforming from org/chubby/github/mofoes/common/entity/komodo/KomodoSorcerer$EvokerCastingSpellGoal.class to org/chubby/github/mofoes/common/entity/komodo/KomodoSorcerer$EvokerCastingSpellGoal.class with 5 transformer(s) on dev.architectury.transformer.handler.TinyRemapperPreparedTransformerHandler
[Architectury Transformer DEBUG] Found class transformer
[Architectury Transformer DEBUG] Writing org/chubby/github/mofoes/common/entity/komodo/KomodoSorcerer$EvokerCastingSpellGoal with maxs=true frames=true
[Architectury Transformer DEBUG] Transformed org/chubby/github/mofoes/common/entity/komodo/KomodoSorcerer$EvokerCastingSpellGoal in 362.1 μs
[Architectury Transformer DEBUG] Transforming from org/chubby/github/mofoes/common/entity/komodo/AbstractSorcerer$SpellcasterCastingSpellGoal.class to org/chubby/github/mofoes/common/entity/komodo/AbstractSorcerer$SpellcasterCastingSpellGoal.class with 5 transformer(s) on dev.architectury.transformer.handler.TinyRemapperPreparedTransformerHandler
[Architectury Transformer DEBUG] Found class transformer
[Architectury Transformer DEBUG] Writing org/chubby/github/mofoes/common/entity/komodo/AbstractSorcerer$SpellcasterCastingSpellGoal with maxs=true frames=true
[Architectury Transformer DEBUG] Transformed org/chubby/github/mofoes/common/entity/komodo/AbstractSorcerer$SpellcasterCastingSpellGoal in 478.9 μs
[Architectury Transformer DEBUG] Transforming from org/chubby/github/mofoes/common/entity/komodo/KomodoSorcerer$EvokerSummonSpellGoal.class to org/chubby/github/mofoes/common/entity/komodo/KomodoSorcerer$EvokerSummonSpellGoal.class with 5 transformer(s) on dev.architectury.transformer.handler.TinyRemapperPreparedTransformerHandler
[Architectury Transformer DEBUG] Found class transformer
[Architectury Transformer DEBUG] Writing org/chubby/github/mofoes/common/entity/komodo/KomodoSorcerer$EvokerSummonSpellGoal with maxs=true frames=true
[Architectury Transformer DEBUG] Transformed org/chubby/github/mofoes/common/entity/komodo/KomodoSorcerer$EvokerSummonSpellGoal in 790.7 μs
[Architectury Transformer DEBUG] Transforming from org/chubby/github/mofoes/common/entity/komodo/AbstractSorcerer$SpellcasterUseSpellGoal.class to org/chubby/github/mofoes/common/entity/komodo/AbstractSorcerer$SpellcasterUseSpellGoal.class with 5 transformer(s) on dev.architectury.transformer.handler.TinyRemapperPreparedTransformerHandler
[Architectury Transformer DEBUG] Found class transformer
[Architectury Transformer DEBUG] Writing org/chubby/github/mofoes/common/entity/komodo/AbstractSorcerer$SpellcasterUseSpellGoal with maxs=true frames=true
[Architectury Transformer DEBUG] Transformed org/chubby/github/mofoes/common/entity/komodo/AbstractSorcerer$SpellcasterUseSpellGoal in 914.8 μs
[Architectury Transformer DEBUG] Transforming from org/chubby/github/mofoes/common/entity/komodo/KomodoSorcerer$EvokerAttackSpellGoal.class to org/chubby/github/mofoes/common/entity/komodo/KomodoSorcerer$EvokerAttackSpellGoal.class with 5 transformer(s) on dev.architectury.transformer.handler.TinyRemapperPreparedTransformerHandler
[Architectury Transformer DEBUG] Found class transformer
[Architectury Transformer DEBUG] Writing org/chubby/github/mofoes/common/entity/komodo/KomodoSorcerer$EvokerAttackSpellGoal with maxs=true frames=true
[Architectury Transformer DEBUG] Transformed org/chubby/github/mofoes/common/entity/komodo/KomodoSorcerer$EvokerAttackSpellGoal in 808.1 μs
[Architectury Transformer DEBUG] Transforming from org/chubby/github/mofoes/common/entity/komodo/KomodoZealot.class to org/chubby/github/mofoes/common/entity/komodo/KomodoZealot.class with 5 transformer(s) on dev.architectury.transformer.handler.TinyRemapperPreparedTransformerHandler
[Architectury Transformer DEBUG] Found class transformer
[Architectury Transformer DEBUG] Writing org/chubby/github/mofoes/common/entity/komodo/KomodoZealot with maxs=true frames=true
[Architectury Transformer DEBUG] Transformed org/chubby/github/mofoes/common/entity/komodo/KomodoZealot in 2.332 ms
[Architectury Transformer DEBUG] Transforming from org/chubby/github/mofoes/common/entity/komodo/KomodoZealot$IllusionerMirrorSpellGoal.class to org/chubby/github/mofoes/common/entity/komodo/KomodoZealot$IllusionerMirrorSpellGoal.class with 5 transformer(s) on dev.architectury.transformer.handler.TinyRemapperPreparedTransformerHandler
[Architectury Transformer DEBUG] Found class transformer
[Architectury Transformer DEBUG] Writing org/chubby/github/mofoes/common/entity/komodo/KomodoZealot$IllusionerMirrorSpellGoal with maxs=true frames=true
[Architectury Transformer DEBUG] Transformed org/chubby/github/mofoes/common/entity/komodo/KomodoZealot$IllusionerMirrorSpellGoal in 628.3 μs
[Architectury Transformer DEBUG] Transforming from org/chubby/github/mofoes/common/entity/komodo/KomodoZealot$1.class to org/chubby/github/mofoes/common/entity/komodo/KomodoZealot$1.class with 5 transformer(s) on dev.architectury.transformer.handler.TinyRemapperPreparedTransformerHandler
[Architectury Transformer DEBUG] Found class transformer
[Architectury Transformer DEBUG] Writing org/chubby/github/mofoes/common/entity/komodo/KomodoZealot$1 with maxs=true frames=true
[Architectury Transformer DEBUG] Transformed org/chubby/github/mofoes/common/entity/komodo/KomodoZealot$1 in 372.7 μs
[Architectury Transformer DEBUG] Transforming from org/chubby/github/mofoes/common/entity/StalkerEnderman.class to org/chubby/github/mofoes/common/entity/StalkerEnderman.class with 5 transformer(s) on dev.architectury.transformer.handler.TinyRemapperPreparedTransformerHandler
[Architectury Transformer DEBUG] Found class transformer
[Architectury Transformer DEBUG] Writing org/chubby/github/mofoes/common/entity/StalkerEnderman with maxs=true frames=true
[Architectury Transformer DEBUG] Transformed org/chubby/github/mofoes/common/entity/StalkerEnderman in 1.396 ms
[Architectury Transformer DEBUG] Transforming from org/chubby/github/mofoes/common/entity/ai/memory/MemoryModules.class to org/chubby/github/mofoes/common/entity/ai/memory/MemoryModules.class with 5 transformer(s) on dev.architectury.transformer.handler.TinyRemapperPreparedTransformerHandler
[Architectury Transformer DEBUG] Found class transformer
[Architectury Transformer DEBUG] Writing org/chubby/github/mofoes/common/entity/ai/memory/MemoryModules with maxs=true frames=true
[Architectury Transformer DEBUG] Transformed org/chubby/github/mofoes/common/entity/ai/memory/MemoryModules in 797.4 μs
[Architectury Transformer DEBUG] Transforming from org/chubby/github/mofoes/common/entity/ai/sensor/ModSensors.class to org/chubby/github/mofoes/common/entity/ai/sensor/ModSensors.class with 5 transformer(s) on dev.architectury.transformer.handler.TinyRemapperPreparedTransformerHandler
[Architectury Transformer DEBUG] Found class transformer
[Architectury Transformer DEBUG] Writing org/chubby/github/mofoes/common/entity/ai/sensor/ModSensors with maxs=true frames=true
[Architectury Transformer DEBUG] Transformed org/chubby/github/mofoes/common/entity/ai/sensor/ModSensors in 615.3 μs
[Architectury Transformer DEBUG] Transforming from org/chubby/github/mofoes/common/entity/ai/sensor/HogmenSensor.class to org/chubby/github/mofoes/common/entity/ai/sensor/HogmenSensor.class with 5 transformer(s) on dev.architectury.transformer.handler.TinyRemapperPreparedTransformerHandler
[Architectury Transformer DEBUG] Found class transformer
[Architectury Transformer DEBUG] Writing org/chubby/github/mofoes/common/entity/ai/sensor/HogmenSensor with maxs=true frames=true
[Architectury Transformer DEBUG] Transformed org/chubby/github/mofoes/common/entity/ai/sensor/HogmenSensor in 1.009 ms
[Architectury Transformer DEBUG] Transforming from org/chubby/github/mofoes/common/entity/ai/sensor/HogmenBruteSensor.class to org/chubby/github/mofoes/common/entity/ai/sensor/HogmenBruteSensor.class with 5 transformer(s) on dev.architectury.transformer.handler.TinyRemapperPreparedTransformerHandler
[Architectury Transformer DEBUG] Found class transformer
[Architectury Transformer DEBUG] Writing org/chubby/github/mofoes/common/entity/ai/sensor/HogmenBruteSensor with maxs=true frames=true
[Architectury Transformer DEBUG] Transformed org/chubby/github/mofoes/common/entity/ai/sensor/HogmenBruteSensor in 1.060 ms
[Architectury Transformer DEBUG] Transforming from org/chubby/github/mofoes/common/init/ModItems.class to org/chubby/github/mofoes/common/init/ModItems.class with 5 transformer(s) on dev.architectury.transformer.handler.TinyRemapperPreparedTransformerHandler
[Architectury Transformer DEBUG] Found class transformer
[Architectury Transformer DEBUG] Writing org/chubby/github/mofoes/common/init/ModItems with maxs=true frames=true
[Architectury Transformer DEBUG] Transformed org/chubby/github/mofoes/common/init/ModItems in 753.3 μs
[Architectury Transformer DEBUG] Transforming from org/chubby/github/mofoes/common/init/ModCreativeTab.class to org/chubby/github/mofoes/common/init/ModCreativeTab.class with 5 transformer(s) on dev.architectury.transformer.handler.TinyRemapperPreparedTransformerHandler
[Architectury Transformer DEBUG] Found class transformer
[Architectury Transformer DEBUG] Writing org/chubby/github/mofoes/common/init/ModCreativeTab with maxs=true frames=true
[Architectury Transformer DEBUG] Transformed org/chubby/github/mofoes/common/init/ModCreativeTab in 499.1 μs
[Architectury Transformer DEBUG] Transforming from org/chubby/github/mofoes/client/renderer/HogmenRenderer.class to org/chubby/github/mofoes/client/renderer/HogmenRenderer.class with 5 transformer(s) on dev.architectury.transformer.handler.TinyRemapperPreparedTransformerHandler
[Architectury Transformer DEBUG] Found class transformer
[Architectury Transformer DEBUG] Writing org/chubby/github/mofoes/client/renderer/HogmenRenderer with maxs=true frames=true
[Architectury Transformer DEBUG] Transformed org/chubby/github/mofoes/client/renderer/HogmenRenderer in 1.042 ms
[Architectury Transformer DEBUG] Transforming from org/chubby/github/mofoes/client/renderer/HogmenBruteRenderer.class to org/chubby/github/mofoes/client/renderer/HogmenBruteRenderer.class with 5 transformer(s) on dev.architectury.transformer.handler.TinyRemapperPreparedTransformerHandler
[Architectury Transformer DEBUG] Found class transformer
[Architectury Transformer DEBUG] Writing org/chubby/github/mofoes/client/renderer/HogmenBruteRenderer with maxs=true frames=true
[Architectury Transformer DEBUG] Transformed org/chubby/github/mofoes/client/renderer/HogmenBruteRenderer in 708.3 μs
[Architectury Transformer DEBUG] Transforming from org/chubby/github/mofoes/client/ModModelLayers.class to org/chubby/github/mofoes/client/ModModelLayers.class with 5 transformer(s) on dev.architectury.transformer.handler.TinyRemapperPreparedTransformerHandler
[Architectury Transformer DEBUG] Found class transformer
[Architectury Transformer DEBUG] Writing org/chubby/github/mofoes/client/ModModelLayers with maxs=true frames=true
[Architectury Transformer DEBUG] Transformed org/chubby/github/mofoes/client/ModModelLayers in 656.9 μs
[Architectury Transformer DEBUG] Transforming from org/chubby/github/mofoes/client/model/BisonModel.class to org/chubby/github/mofoes/client/model/BisonModel.class with 5 transformer(s) on dev.architectury.transformer.handler.TinyRemapperPreparedTransformerHandler
[Architectury Transformer DEBUG] Found class transformer
[Architectury Transformer DEBUG] Writing org/chubby/github/mofoes/client/model/BisonModel with maxs=true frames=true
[Architectury Transformer DEBUG] Transformed org/chubby/github/mofoes/client/model/BisonModel in 1.372 ms
[Architectury Transformer DEBUG] Transforming from org/chubby/github/mofoes/client/model/HogmenModel.class to org/chubby/github/mofoes/client/model/HogmenModel.class with 5 transformer(s) on dev.architectury.transformer.handler.TinyRemapperPreparedTransformerHandler
[Architectury Transformer DEBUG] Found class transformer
[Architectury Transformer DEBUG] Writing org/chubby/github/mofoes/client/model/HogmenModel with maxs=true frames=true
[Architectury Transformer DEBUG] Transformed org/chubby/github/mofoes/client/model/HogmenModel in 2.631 ms
[Architectury Transformer DEBUG] Transforming from org/chubby/github/mofoes/client/model/AbstractKomodoModel.class to org/chubby/github/mofoes/client/model/AbstractKomodoModel.class with 5 transformer(s) on dev.architectury.transformer.handler.TinyRemapperPreparedTransformerHandler
[Architectury Transformer DEBUG] Found class transformer
[Architectury Transformer DEBUG] Writing org/chubby/github/mofoes/client/model/AbstractKomodoModel with maxs=true frames=true
[Architectury Transformer DEBUG] Transformed org/chubby/github/mofoes/client/model/AbstractKomodoModel in 1.510 ms
[Architectury Transformer DEBUG] Transforming from org/chubby/github/mofoes/client/model/StalkerEndermanModel.class to org/chubby/github/mofoes/client/model/StalkerEndermanModel.class with 5 transformer(s) on dev.architectury.transformer.handler.TinyRemapperPreparedTransformerHandler
[Architectury Transformer DEBUG] Found class transformer
[Architectury Transformer DEBUG] Writing org/chubby/github/mofoes/client/model/StalkerEndermanModel with maxs=true frames=true
[Architectury Transformer DEBUG] Transformed org/chubby/github/mofoes/client/model/StalkerEndermanModel in 937.5 μs
[Architectury Transformer DEBUG] Transforming from org/chubby/github/mofoes/client/renderer/BisonRenderer.class to org/chubby/github/mofoes/client/renderer/BisonRenderer.class with 5 transformer(s) on dev.architectury.transformer.handler.TinyRemapperPreparedTransformerHandler
[Architectury Transformer DEBUG] Found class transformer
[Architectury Transformer DEBUG] Writing org/chubby/github/mofoes/client/renderer/BisonRenderer with maxs=true frames=true
[Architectury Transformer DEBUG] Transformed org/chubby/github/mofoes/client/renderer/BisonRenderer in 1.011 ms
[Architectury Transformer DEBUG] Transforming from org/chubby/github/mofoes/client/renderer/BasicKomodoRenderer.class to org/chubby/github/mofoes/client/renderer/BasicKomodoRenderer.class with 5 transformer(s) on dev.architectury.transformer.handler.TinyRemapperPreparedTransformerHandler
[Architectury Transformer DEBUG] Found class transformer
[Architectury Transformer DEBUG] Writing org/chubby/github/mofoes/client/renderer/BasicKomodoRenderer with maxs=true frames=true
[Architectury Transformer DEBUG] Transformed org/chubby/github/mofoes/client/renderer/BasicKomodoRenderer in 566.8 μs
[Architectury Transformer DEBUG] Transforming from org/chubby/github/mofoes/client/renderer/AbstractKomodoRenderer.class to org/chubby/github/mofoes/client/renderer/AbstractKomodoRenderer.class with 5 transformer(s) on dev.architectury.transformer.handler.TinyRemapperPreparedTransformerHandler
[Architectury Transformer DEBUG] Found class transformer
[Architectury Transformer DEBUG] Writing org/chubby/github/mofoes/client/renderer/AbstractKomodoRenderer with maxs=true frames=true
[Architectury Transformer DEBUG] Transformed org/chubby/github/mofoes/client/renderer/AbstractKomodoRenderer in 502.4 μs
[Architectury Transformer DEBUG] Transforming from org/chubby/github/mofoes/client/renderer/KomodoBruteRenderer.class to org/chubby/github/mofoes/client/renderer/KomodoBruteRenderer.class with 5 transformer(s) on dev.architectury.transformer.handler.TinyRemapperPreparedTransformerHandler
[Architectury Transformer DEBUG] Found class transformer
[Architectury Transformer DEBUG] Writing org/chubby/github/mofoes/client/renderer/KomodoBruteRenderer with maxs=true frames=true
[Architectury Transformer DEBUG] Transformed org/chubby/github/mofoes/client/renderer/KomodoBruteRenderer in 514.3 μs
[Architectury Transformer DEBUG] Transforming from org/chubby/github/mofoes/client/renderer/KomodoSorcererRenderer.class to org/chubby/github/mofoes/client/renderer/KomodoSorcererRenderer.class with 5 transformer(s) on dev.architectury.transformer.handler.TinyRemapperPreparedTransformerHandler
[Architectury Transformer DEBUG] Found class transformer
[Architectury Transformer DEBUG] Writing org/chubby/github/mofoes/client/renderer/KomodoSorcererRenderer with maxs=true frames=true
[Architectury Transformer DEBUG] Transformed org/chubby/github/mofoes/client/renderer/KomodoSorcererRenderer in 330.5 μs
[Architectury Transformer DEBUG] Transforming from org/chubby/github/mofoes/client/renderer/KomodoZealotRenderer.class to org/chubby/github/mofoes/client/renderer/KomodoZealotRenderer.class with 5 transformer(s) on dev.architectury.transformer.handler.TinyRemapperPreparedTransformerHandler
[Architectury Transformer DEBUG] Found class transformer
[Architectury Transformer DEBUG] Writing org/chubby/github/mofoes/client/renderer/KomodoZealotRenderer with maxs=true frames=true
[Architectury Transformer DEBUG] Transformed org/chubby/github/mofoes/client/renderer/KomodoZealotRenderer in 1.662 ms
[Architectury Transformer DEBUG] Transforming from org/chubby/github/mofoes/client/renderer/StalkerEndermanRenderer.class to org/chubby/github/mofoes/client/renderer/StalkerEndermanRenderer.class with 5 transformer(s) on dev.architectury.transformer.handler.TinyRemapperPreparedTransformerHandler
[Architectury Transformer DEBUG] Found class transformer
[Architectury Transformer DEBUG] Writing org/chubby/github/mofoes/client/renderer/StalkerEndermanRenderer with maxs=true frames=true
[Architectury Transformer DEBUG] Transformed org/chubby/github/mofoes/client/renderer/StalkerEndermanRenderer in 619.4 μs
[Architectury Transformer DEBUG] Transforming from org/chubby/github/mofoes/client/renderer/layer/ModEyesLayer.class to org/chubby/github/mofoes/client/renderer/layer/ModEyesLayer.class with 5 transformer(s) on dev.architectury.transformer.handler.TinyRemapperPreparedTransformerHandler
[Architectury Transformer DEBUG] Found class transformer
[Architectury Transformer DEBUG] Writing org/chubby/github/mofoes/client/renderer/layer/ModEyesLayer with maxs=true frames=true
[Architectury Transformer DEBUG] Transformed org/chubby/github/mofoes/client/renderer/layer/ModEyesLayer in 314.9 μs
[Architectury Transformer DEBUG] Transforming from org/chubby/github/mofoes/common/commands/CheckSpawnCommand.class to org/chubby/github/mofoes/common/commands/CheckSpawnCommand.class with 5 transformer(s) on dev.architectury.transformer.handler.TinyRemapperPreparedTransformerHandler
[Architectury Transformer DEBUG] Found class transformer
[Architectury Transformer DEBUG] Writing org/chubby/github/mofoes/common/commands/CheckSpawnCommand with maxs=true frames=true
[Architectury Transformer DEBUG] Transformed org/chubby/github/mofoes/common/commands/CheckSpawnCommand in 5.294 ms
